0	1	mikrocAVR.exe -MSF -DBG -pATMEGA32 -DL -SSA -O11111114 -fo8 -N"D:\Ph_D_ANU\my_phd_papers\paper_2\Implementation_codes\Atmega_coding\Code_with_simulation_setup\Code_5_Simon_BC\SIMON_Embedded_C\SIMON.mcpav" -SP"C:\Users\Public\Documents\Mikroelektronika\mikroC PRO for AVR\Defs\" -SP"C:\Users\Public\Documents\Mikroelektronika\mikroC PRO for AVR\Uses\" -SP"D:\Ph_D_ANU\my_phd_papers\paper_2\Implementation_codes\Atmega_coding\Code_with_simulation_setup\Code_5_Simon_BC\SIMON_Embedded_C\" -SP"C:\Users\Public\Documents\Mikroelektronika\mikroC PRO for AVR\Uses\LTE64KW\" "SIMON.c" "__Lib_Math.mcl" "__Lib_MathDouble.mcl" "__Lib_System.mcl" "__Lib_Delays.mcl" "__Lib_CType.mcl" "__Lib_CString.mcl" "__Lib_CStdlib.mcl" "__Lib_CMath.mcl" "__Lib_MemManager.mcl" "__Lib_Conversions.mcl" "__Lib_Sprintf.mcl" "__Lib_Sprinti.mcl" "__Lib_Sprintl.mcl" "__Lib_PrintOut.mcl" "__Lib_Time.mcl" "__Lib_Trigonometry.mcl" "__Lib_Button.mcl" "__Lib_Keypad4x4.mcl" "__Lib_Manchester.mcl" "__Lib_OneWire.mcl" "__Lib_PS2.mcl" "__Lib_Sound.mcl" "__Lib_SoftI2C.mcl" "__Lib_SoftSPI.mcl" "__Lib_SoftUART.mcl" "__Lib_ADC.mcl" "__Lib_EEPROM_eew.mcl" "__Lib_FLASH_rwe.mcl" "__Lib_PWM_0.mcl" "__Lib_PWM1_2_presc.mcl" "__Lib_PWM16bit_12.mcl" "__Lib_SPI_b7654_x2.mcl" "__Lib_TWI.mcl" "__Lib_UART_d01_ursel.mcl" "__Lib_PortExpander.mcl" "__Lib_CANSPI.mcl" "__Lib_CF.mcl" "__Lib_CFFat16.mcl" "__Lib_GlcdFonts.mcl" "__Lib_Glcd.mcl" "__Lib_LcdConsts.mcl" "__Lib_Lcd.mcl" "__Lib_Mmc.mcl" "__Lib_MmcFat16.mcl" "__Lib_MmcFat16Constants.mcl" "__Lib_RS485.mcl" "__Lib_S1D13700.mcl" "__Lib_T6963C.mcl" "__Lib_SPIGlcd.mcl" "__Lib_SPILcd.mcl" "__Lib_SPILcd8.mcl" "__Lib_SPIT6963C.mcl" "__Lib_TFT.mcl" "__Lib_TFT_Defs.mcl" "__Lib_TFT_16bit.mcl" "__Lib_TFT_16bit_Defs.mcl" "__Lib_TouchPanel_TFT_C.mcl" "__Lib_TouchPanel.mcl" "__Lib_EthEnc28j60.mcl" "__Lib_EthEnc24j600.mcl"	 
diagnostics: 0	122	Compilation Started	SIMON.c
hint: 0	1004	interrupt handler (interrupt at 0x0016)	SIMON.c
warning: 70	1503	Result is not defined in function: 'rcs_3'	SIMON.c
warning: 75	1503	Result is not defined in function: 'rcs_4'	SIMON.c
warning: 80	1503	Result is not defined in function: 'rcs_1'	SIMON.c
warning: 85	1503	Result is not defined in function: 'rcs_8'	SIMON.c
warning: 94	1503	Result is not defined in function: 'lcs_1'	SIMON.c
warning: 99	1503	Result is not defined in function: 'lcs_2'	SIMON.c
warning: 104	1503	Result is not defined in function: 'lcs_8'	SIMON.c
warning: 132	1503	Result is not defined in function: 'Key_Schedule'	SIMON.c
warning: 160	1503	Result is not defined in function: 'simon_round'	SIMON.c
warning: 206	1503	Result is not defined in function: 'main'	SIMON.c
diagnostics: 206	123	Compiled Successfully	SIMON.c
diagnostics: 0	127	All files Compiled in 62 ms	 
hint: 0	1144	Used RX (bytes): 30 (94%)   Free RX (bytes): 2 (6%)	Used RX (bytes): 30 (94%)   Free RX (bytes): 2 (6%)
hint: 0	1144	Static RAM (bytes): 33   Dynamic RAM (bytes): 2015	Static RAM (bytes): 33   Dynamic RAM (bytes): 2015
hint: 0	1144	Used ROM (bytes): 4172 (13%)  Free ROM (bytes): 28596 (87%)	Used ROM (bytes): 4172 (13%)  Free ROM (bytes): 28596 (87%)
diagnostics: 0	125	Project Linked Successfully	SIMON.mcpav
diagnostics: 0	128	Linked in 203 ms	 
diagnostics: 0	129	Project 'SIMON.mcpav' completed: 328 ms	 
diagnostics: 0	103	Finished successfully: 06 Sep 2021, 20:56:54	SIMON.mcpav
